2023-08-13 18:08:904 INFO  HomePage :48 - Enter yourName field :[[ChromeDriver: chrome on WINDOWS (9a00d6e0291fd0fdf5d153f265cb9a00)] -> xpath: //input[@id='inputName']][[ChromeDriver: chrome on WINDOWS (9a00d6e0291fd0fdf5d153f265cb9a00)] -> xpath: //input[@id='inputName']]
2023-08-13 18:08:944 INFO  HomePage :52 - Enter yourBirthday field :[[ChromeDriver: chrome on WINDOWS (9a00d6e0291fd0fdf5d153f265cb9a00)] -> xpath: //input[@id='inputBirthday']][[ChromeDriver: chrome on WINDOWS (9a00d6e0291fd0fdf5d153f265cb9a00)] -> xpath: //input[@id='inputBirthday']]
2023-08-13 18:08:998 INFO  HomePage :58 - verify the text :[[ChromeDriver: chrome on WINDOWS (9a00d6e0291fd0fdf5d153f265cb9a00)] -> xpath: //div[@class='content show']//h1[1]]
2023-08-13 18:08:51 INFO  HomePage :67 - verifyAge the text :[[ChromeDriver: chrome on WINDOWS (9a00d6e0291fd0fdf5d153f265cb9a00)] -> xpath: //div[@class='content show']//h1[2]]
2023-08-13 18:08:200 INFO  HomePage :48 - Enter yourName field :[[ChromeDriver: chrome on WINDOWS (f25118f9c2d71d2594ae8e1ef136b7d3)] -> xpath: //input[@id='inputName']][[ChromeDriver: chrome on WINDOWS (f25118f9c2d71d2594ae8e1ef136b7d3)] -> xpath: //input[@id='inputName']]
2023-08-13 18:08:244 INFO  HomePage :52 - Enter yourBirthday field :[[ChromeDriver: chrome on WINDOWS (f25118f9c2d71d2594ae8e1ef136b7d3)] -> xpath: //input[@id='inputBirthday']][[ChromeDriver: chrome on WINDOWS (f25118f9c2d71d2594ae8e1ef136b7d3)] -> xpath: //input[@id='inputBirthday']]
2023-08-13 18:08:293 INFO  HomePage :58 - verify the text :[[ChromeDriver: chrome on WINDOWS (f25118f9c2d71d2594ae8e1ef136b7d3)] -> xpath: //div[@class='content show']//h1[1]]
2023-08-13 18:08:338 INFO  HomePage :67 - verifyAge the text :[[ChromeDriver: chrome on WINDOWS (f25118f9c2d71d2594ae8e1ef136b7d3)] -> xpath: //div[@class='content show']//h1[2]]
2023-08-13 18:08:489 INFO  HomePage :48 - Enter yourName field :[[ChromeDriver: chrome on WINDOWS (da7d39a426dba5187f0e4e268fe408fc)] -> xpath: //input[@id='inputName']][[ChromeDriver: chrome on WINDOWS (da7d39a426dba5187f0e4e268fe408fc)] -> xpath: //input[@id='inputName']]
2023-08-13 18:08:536 INFO  HomePage :52 - Enter yourBirthday field :[[ChromeDriver: chrome on WINDOWS (da7d39a426dba5187f0e4e268fe408fc)] -> xpath: //input[@id='inputBirthday']][[ChromeDriver: chrome on WINDOWS (da7d39a426dba5187f0e4e268fe408fc)] -> xpath: //input[@id='inputBirthday']]
2023-08-13 18:08:927 INFO  HomePage :71 - verifyErrorText :[[ChromeDriver: chrome on WINDOWS (da7d39a426dba5187f0e4e268fe408fc)] -> xpath: //span[@id='help_birthday']]
2023-08-13 18:08:71 INFO  HomePage :48 - Enter yourName field :[[ChromeDriver: chrome on WINDOWS (bc30ff59e7e3aab94053568b3d98fb21)] -> xpath: //input[@id='inputName']][[ChromeDriver: chrome on WINDOWS (bc30ff59e7e3aab94053568b3d98fb21)] -> xpath: //input[@id='inputName']]
2023-08-13 18:08:113 INFO  HomePage :52 - Enter yourBirthday field :[[ChromeDriver: chrome on WINDOWS (bc30ff59e7e3aab94053568b3d98fb21)] -> xpath: //input[@id='inputBirthday']][[ChromeDriver: chrome on WINDOWS (bc30ff59e7e3aab94053568b3d98fb21)] -> xpath: //input[@id='inputBirthday']]
2023-08-13 18:08:510 INFO  HomePage :71 - verifyErrorText :[[ChromeDriver: chrome on WINDOWS (bc30ff59e7e3aab94053568b3d98fb21)] -> xpath: //span[@id='help_birthday']]
2023-08-13 18:08:700 INFO  HomePage :48 - Enter yourName field :[[ChromeDriver: chrome on WINDOWS (9acc4dac65706a4a5e3ddcad60a6a4c5)] -> xpath: //input[@id='inputName']][[ChromeDriver: chrome on WINDOWS (9acc4dac65706a4a5e3ddcad60a6a4c5)] -> xpath: //input[@id='inputName']]
2023-08-13 18:08:740 INFO  HomePage :52 - Enter yourBirthday field :[[ChromeDriver: chrome on WINDOWS (9acc4dac65706a4a5e3ddcad60a6a4c5)] -> xpath: //input[@id='inputBirthday']][[ChromeDriver: chrome on WINDOWS (9acc4dac65706a4a5e3ddcad60a6a4c5)] -> xpath: //input[@id='inputBirthday']]
2023-08-13 18:08:93 INFO  HomePage :71 - verifyErrorText :[[ChromeDriver: chrome on WINDOWS (9acc4dac65706a4a5e3ddcad60a6a4c5)] -> xpath: //span[@id='help_birthday']]
2023-08-14 19:08:463 INFO  HomePage :52 - Enter yourName field :[[ChromeDriver: chrome on WINDOWS (2cd29e51edb236936e0f85429c418a78)] -> xpath: //input[@id='inputName']][[ChromeDriver: chrome on WINDOWS (2cd29e51edb236936e0f85429c418a78)] -> xpath: //input[@id='inputName']]
2023-08-14 19:08:599 INFO  HomePage :56 - Enter yourBirthday field :[[ChromeDriver: chrome on WINDOWS (2cd29e51edb236936e0f85429c418a78)] -> xpath: //input[@id='inputBirthday']][[ChromeDriver: chrome on WINDOWS (2cd29e51edb236936e0f85429c418a78)] -> xpath: //input[@id='inputBirthday']]
2023-08-14 19:08:733 INFO  HomePage :62 - verify the text :[[ChromeDriver: chrome on WINDOWS (2cd29e51edb236936e0f85429c418a78)] -> xpath: //div[@class='content show']//h1[1]]
2023-08-14 19:08:832 INFO  HomePage :71 - verifyAge the text :[[ChromeDriver: chrome on WINDOWS (2cd29e51edb236936e0f85429c418a78)] -> xpath: //div[@class='content show']//h1[2]]
2023-08-14 19:08:419 INFO  HomePage :52 - Enter yourName field :[[ChromeDriver: chrome on WINDOWS (b067b03983285e87cdbb6de7bfff1e93)] -> xpath: //input[@id='inputName']][[ChromeDriver: chrome on WINDOWS (b067b03983285e87cdbb6de7bfff1e93)] -> xpath: //input[@id='inputName']]
2023-08-14 19:08:490 INFO  HomePage :56 - Enter yourBirthday field :[[ChromeDriver: chrome on WINDOWS (b067b03983285e87cdbb6de7bfff1e93)] -> xpath: //input[@id='inputBirthday']][[ChromeDriver: chrome on WINDOWS (b067b03983285e87cdbb6de7bfff1e93)] -> xpath: //input[@id='inputBirthday']]
2023-08-14 19:08:586 INFO  HomePage :62 - verify the text :[[ChromeDriver: chrome on WINDOWS (b067b03983285e87cdbb6de7bfff1e93)] -> xpath: //div[@class='content show']//h1[1]]
2023-08-14 19:08:637 INFO  HomePage :71 - verifyAge the text :[[ChromeDriver: chrome on WINDOWS (b067b03983285e87cdbb6de7bfff1e93)] -> xpath: //div[@class='content show']//h1[2]]
2023-08-14 19:08:211 INFO  HomePage :52 - Enter yourName field :[[ChromeDriver: chrome on WINDOWS (b310ab771b91d3acd4a3b8a48f951872)] -> xpath: //input[@id='inputName']][[ChromeDriver: chrome on WINDOWS (b310ab771b91d3acd4a3b8a48f951872)] -> xpath: //input[@id='inputName']]
2023-08-14 19:08:290 INFO  HomePage :56 - Enter yourBirthday field :[[ChromeDriver: chrome on WINDOWS (b310ab771b91d3acd4a3b8a48f951872)] -> xpath: //input[@id='inputBirthday']][[ChromeDriver: chrome on WINDOWS (b310ab771b91d3acd4a3b8a48f951872)] -> xpath: //input[@id='inputBirthday']]
2023-08-14 19:08:693 INFO  HomePage :79 - verifyErrorText :[[ChromeDriver: chrome on WINDOWS (b310ab771b91d3acd4a3b8a48f951872)] -> xpath: //span[@id='help_birthday']]
2023-08-14 19:08:709 INFO  HomePage :52 - Enter yourName field :[[ChromeDriver: chrome on WINDOWS (0f30909dde335d57d18632accc69024e)] -> xpath: //input[@id='inputName']][[ChromeDriver: chrome on WINDOWS (0f30909dde335d57d18632accc69024e)] -> xpath: //input[@id='inputName']]
2023-08-14 19:08:774 INFO  HomePage :56 - Enter yourBirthday field :[[ChromeDriver: chrome on WINDOWS (0f30909dde335d57d18632accc69024e)] -> xpath: //input[@id='inputBirthday']][[ChromeDriver: chrome on WINDOWS (0f30909dde335d57d18632accc69024e)] -> xpath: //input[@id='inputBirthday']]
2023-08-14 19:08:154 INFO  HomePage :79 - verifyErrorText :[[ChromeDriver: chrome on WINDOWS (0f30909dde335d57d18632accc69024e)] -> xpath: //span[@id='help_birthday']]
2023-08-14 19:08:367 INFO  HomePage :52 - Enter yourName field :[[ChromeDriver: chrome on WINDOWS (de22d13082a47c1394cb98f742404b09)] -> xpath: //input[@id='inputName']][[ChromeDriver: chrome on WINDOWS (de22d13082a47c1394cb98f742404b09)] -> xpath: //input[@id='inputName']]
2023-08-14 19:08:404 INFO  HomePage :56 - Enter yourBirthday field :[[ChromeDriver: chrome on WINDOWS (de22d13082a47c1394cb98f742404b09)] -> xpath: //input[@id='inputBirthday']][[ChromeDriver: chrome on WINDOWS (de22d13082a47c1394cb98f742404b09)] -> xpath: //input[@id='inputBirthday']]
2023-08-14 19:08:800 INFO  HomePage :75 - verifyNameHelpText :[[ChromeDriver: chrome on WINDOWS (de22d13082a47c1394cb98f742404b09)] -> xpath: //span[@id='help_name']]
2023-08-14 19:08:57 INFO  HomePage :52 - Enter yourName field :[[ChromeDriver: chrome on WINDOWS (5e10e054225b1f7bb0b62b4c46f730fc)] -> xpath: //input[@id='inputName']][[ChromeDriver: chrome on WINDOWS (5e10e054225b1f7bb0b62b4c46f730fc)] -> xpath: //input[@id='inputName']]
2023-08-14 19:08:912 INFO  HomePage :79 - verifyErrorText :[[ChromeDriver: chrome on WINDOWS (5e10e054225b1f7bb0b62b4c46f730fc)] -> xpath: //span[@id='help_birthday']]
2023-08-14 19:08:589 INFO  HomePage :52 - Enter yourName field :[[ChromeDriver: chrome on WINDOWS (4b6fe7e227f07da9619084ab67fc54d6)] -> xpath: //input[@id='inputName']][[ChromeDriver: chrome on WINDOWS (4b6fe7e227f07da9619084ab67fc54d6)] -> xpath: //input[@id='inputName']]
2023-08-14 19:08:636 INFO  HomePage :56 - Enter yourBirthday field :[[ChromeDriver: chrome on WINDOWS (4b6fe7e227f07da9619084ab67fc54d6)] -> xpath: //input[@id='inputBirthday']][[ChromeDriver: chrome on WINDOWS (4b6fe7e227f07da9619084ab67fc54d6)] -> xpath: //input[@id='inputBirthday']]
2023-08-14 19:08:997 INFO  HomePage :79 - verifyErrorText :[[ChromeDriver: chrome on WINDOWS (4b6fe7e227f07da9619084ab67fc54d6)] -> xpath: //span[@id='help_birthday']]
2023-08-14 19:08:861 INFO  HomePage :52 - Enter yourName field :[[ChromeDriver: chrome on WINDOWS (a8d9be36d24bb6e177b4be70c6a63ee7)] -> xpath: //input[@id='inputName']][[ChromeDriver: chrome on WINDOWS (a8d9be36d24bb6e177b4be70c6a63ee7)] -> xpath: //input[@id='inputName']]
2023-08-14 19:08:925 INFO  HomePage :56 - Enter yourBirthday field :[[ChromeDriver: chrome on WINDOWS (a8d9be36d24bb6e177b4be70c6a63ee7)] -> xpath: //input[@id='inputBirthday']][[ChromeDriver: chrome on WINDOWS (a8d9be36d24bb6e177b4be70c6a63ee7)] -> xpath: //input[@id='inputBirthday']]
2023-08-14 19:08:987 INFO  HomePage :62 - verify the text :[[ChromeDriver: chrome on WINDOWS (a8d9be36d24bb6e177b4be70c6a63ee7)] -> xpath: //div[@class='content show']//h1[1]]
2023-08-14 19:08:44 INFO  HomePage :71 - verifyAge the text :[[ChromeDriver: chrome on WINDOWS (a8d9be36d24bb6e177b4be70c6a63ee7)] -> xpath: //div[@class='content show']//h1[2]]
2023-08-14 19:08:361 INFO  HomePage :52 - Enter yourName field :[[ChromeDriver: chrome on WINDOWS (8f0a2492f17dcc787ad90d70891f2752)] -> xpath: //input[@id='inputName']][[ChromeDriver: chrome on WINDOWS (8f0a2492f17dcc787ad90d70891f2752)] -> xpath: //input[@id='inputName']]
2023-08-14 19:08:403 INFO  HomePage :56 - Enter yourBirthday field :[[ChromeDriver: chrome on WINDOWS (8f0a2492f17dcc787ad90d70891f2752)] -> xpath: //input[@id='inputBirthday']][[ChromeDriver: chrome on WINDOWS (8f0a2492f17dcc787ad90d70891f2752)] -> xpath: //input[@id='inputBirthday']]
2023-08-14 19:08:450 INFO  HomePage :62 - verify the text :[[ChromeDriver: chrome on WINDOWS (8f0a2492f17dcc787ad90d70891f2752)] -> xpath: //div[@class='content show']//h1[1]]
2023-08-14 19:08:491 INFO  HomePage :71 - verifyAge the text :[[ChromeDriver: chrome on WINDOWS (8f0a2492f17dcc787ad90d70891f2752)] -> xpath: //div[@class='content show']//h1[2]]
2023-08-14 19:08:621 INFO  HomePage :52 - Enter yourName field :[[ChromeDriver: chrome on WINDOWS (eae03d21df517463c8be6c28ffee5041)] -> xpath: //input[@id='inputName']][[ChromeDriver: chrome on WINDOWS (eae03d21df517463c8be6c28ffee5041)] -> xpath: //input[@id='inputName']]
2023-08-14 19:08:672 INFO  HomePage :56 - Enter yourBirthday field :[[ChromeDriver: chrome on WINDOWS (eae03d21df517463c8be6c28ffee5041)] -> xpath: //input[@id='inputBirthday']][[ChromeDriver: chrome on WINDOWS (eae03d21df517463c8be6c28ffee5041)] -> xpath: //input[@id='inputBirthday']]
2023-08-14 19:08:61 INFO  HomePage :79 - verifyErrorText :[[ChromeDriver: chrome on WINDOWS (eae03d21df517463c8be6c28ffee5041)] -> xpath: //span[@id='help_birthday']]
2023-08-14 19:08:375 INFO  HomePage :52 - Enter yourName field :[[ChromeDriver: chrome on WINDOWS (ec30537bbf77879f90cc7b68c5a9918d)] -> xpath: //input[@id='inputName']][[ChromeDriver: chrome on WINDOWS (ec30537bbf77879f90cc7b68c5a9918d)] -> xpath: //input[@id='inputName']]
2023-08-14 19:08:416 INFO  HomePage :56 - Enter yourBirthday field :[[ChromeDriver: chrome on WINDOWS (ec30537bbf77879f90cc7b68c5a9918d)] -> xpath: //input[@id='inputBirthday']][[ChromeDriver: chrome on WINDOWS (ec30537bbf77879f90cc7b68c5a9918d)] -> xpath: //input[@id='inputBirthday']]
2023-08-14 19:08:797 INFO  HomePage :79 - verifyErrorText :[[ChromeDriver: chrome on WINDOWS (ec30537bbf77879f90cc7b68c5a9918d)] -> xpath: //span[@id='help_birthday']]
2023-08-14 19:08:916 INFO  HomePage :52 - Enter yourName field :[[ChromeDriver: chrome on WINDOWS (4ebdce9c77ff7179a3ef1aae81b19e32)] -> xpath: //input[@id='inputName']][[ChromeDriver: chrome on WINDOWS (4ebdce9c77ff7179a3ef1aae81b19e32)] -> xpath: //input[@id='inputName']]
2023-08-14 19:08:957 INFO  HomePage :56 - Enter yourBirthday field :[[ChromeDriver: chrome on WINDOWS (4ebdce9c77ff7179a3ef1aae81b19e32)] -> xpath: //input[@id='inputBirthday']][[ChromeDriver: chrome on WINDOWS (4ebdce9c77ff7179a3ef1aae81b19e32)] -> xpath: //input[@id='inputBirthday']]
2023-08-14 19:08:342 INFO  HomePage :75 - verifyNameHelpText :[[ChromeDriver: chrome on WINDOWS (4ebdce9c77ff7179a3ef1aae81b19e32)] -> xpath: //span[@id='help_name']]
2023-08-14 19:08:313 INFO  HomePage :52 - Enter yourName field :[[ChromeDriver: chrome on WINDOWS (2c4da9f20dc99307882b5997b161d770)] -> xpath: //input[@id='inputName']][[ChromeDriver: chrome on WINDOWS (2c4da9f20dc99307882b5997b161d770)] -> xpath: //input[@id='inputName']]
2023-08-14 19:08:700 INFO  HomePage :79 - verifyErrorText :[[ChromeDriver: chrome on WINDOWS (2c4da9f20dc99307882b5997b161d770)] -> xpath: //span[@id='help_birthday']]
2023-08-14 19:08:515 INFO  HomePage :52 - Enter yourName field :[[ChromeDriver: chrome on WINDOWS (c26240c4489215241b0c25dec041810e)] -> xpath: //input[@id='inputName']][[ChromeDriver: chrome on WINDOWS (c26240c4489215241b0c25dec041810e)] -> xpath: //input[@id='inputName']]
2023-08-14 19:08:558 INFO  HomePage :56 - Enter yourBirthday field :[[ChromeDriver: chrome on WINDOWS (c26240c4489215241b0c25dec041810e)] -> xpath: //input[@id='inputBirthday']][[ChromeDriver: chrome on WINDOWS (c26240c4489215241b0c25dec041810e)] -> xpath: //input[@id='inputBirthday']]
2023-08-14 19:08:925 INFO  HomePage :79 - verifyErrorText :[[ChromeDriver: chrome on WINDOWS (c26240c4489215241b0c25dec041810e)] -> xpath: //span[@id='help_birthday']]
